<?xml version="1.0" encoding="UTF-8"?>
<testng-results ignored="0" total="3" passed="3" failed="0" skipped="0">
  <reporter-output>
  </reporter-output>
  <suite started-at="2020-06-13T09:13:19 AEST" name="Default suite" finished-at="2020-06-13T09:13:25 AEST" duration-ms="5476">
    <groups>
    </groups>
    <test started-at="2020-06-13T09:13:19 AEST" name="Default test" finished-at="2020-06-13T09:13:25 AEST" duration-ms="5476">
      <class name="files.DynamicJson">
        <test-method signature="addBook(java.lang.String, java.lang.String)[pri:0, instance:files.DynamicJson@402e37bc]" started-at="2020-06-13T09:13:19 AEST" name="addBook" data-provider="BooksData" finished-at="2020-06-13T09:13:22 AEST" duration-ms="3034" status="PASS">
          <params>
            <param index="0">
              <value>
                <![CDATA[fguh]]>
              </value>
            </param>
            <param index="1">
              <value>
                <![CDATA[79666]]>
              </value>
            </param>
          </params>
          <reporter-output>
          </reporter-output>
        </test-method> <!-- addBook -->
        <test-method signature="addBook(java.lang.String, java.lang.String)[pri:0, instance:files.DynamicJson@402e37bc]" started-at="2020-06-13T09:13:22 AEST" name="addBook" data-provider="BooksData" finished-at="2020-06-13T09:13:23 AEST" duration-ms="1183" status="PASS">
          <params>
            <param index="0">
              <value>
                <![CDATA[mvk7j]]>
              </value>
            </param>
            <param index="1">
              <value>
                <![CDATA[970970]]>
              </value>
            </param>
          </params>
          <reporter-output>
          </reporter-output>
        </test-method> <!-- addBook -->
        <test-method signature="addBook(java.lang.String, java.lang.String)[pri:0, instance:files.DynamicJson@402e37bc]" started-at="2020-06-13T09:13:23 AEST" name="addBook" data-provider="BooksData" finished-at="2020-06-13T09:13:24 AEST" duration-ms="1227" status="PASS">
          <params>
            <param index="0">
              <value>
                <![CDATA[mjgj77]]>
              </value>
            </param>
            <param index="1">
              <value>
                <![CDATA[896986]]>
              </value>
            </param>
          </params>
          <reporter-output>
          </reporter-output>
        </test-method> <!-- addBook -->
      </class> <!-- files.DynamicJson -->
    </test> <!-- Default test -->
  </suite> <!-- Default suite -->
</testng-results>
