<?xml version="1.0" encoding="UTF-8"?>
<!-- Generated by org.testng.reporters.JUnitXMLReporter -->
<testsuite ignored="0" hostname="minas-iMac.modem" failures="0" tests="3" name="Default test" time="5.476" errors="0" timestamp="2020-06-13T09:13:25 AEST">
  <testcase classname="files.DynamicJson" name="addBook" time="3.034"/>
  <testcase classname="files.DynamicJson" name="addBook" time="1.183"/>
  <testcase classname="files.DynamicJson" name="addBook" time="1.227"/>
</testsuite> <!-- Default test -->
